# JRE version: Java(TM) SE Runtime Environment (17.0.11+7) (build 17.0.11+7-LTS-207)
# Java VM: Java HotSpot(TM) 64-Bit Server VM (17.0.11+7-LTS-207, mixed mode, sharing, tiered, compressed oops, compressed class ptrs, g1 gc, windows-amd64)
GC Precious Log:
 CPUs: 12 total, 12 available
 Memory: 15693M
 Large Page Support: Disabled
 NUMA Support: Disabled
 Compressed Oops: Enabled (32-bit)
 Heap Region Size: 1M
 Heap Min Capacity: 8M
 Heap Initial Capacity: 246M
 Heap Max Capacity: 2G
 Pre-touch: Disabled
 Parallel Workers: 10
 Concurrent Workers: 3
 Concurrent Refinement Workers: 10
 Periodic GC: Disabled
Heap:
 garbage-first heap   total 268288K, used 153528K [0x0000000080000000, 0x0000000100000000)
  region size 1024K, 3 young (3072K), 2 survivors (2048K)
 Metaspace       used 104535K, committed 105600K, reserved 557056K
  class space    used 14478K, committed 14976K, reserved 425984K
GC Heap History (20 events):
Event: 32.526 GC heap before
{Heap before GC invocations=69 (full 0):
 garbage-first heap   total 187392K, used 163047K [0x0000000080000000, 0x0000000100000000)
  region size 1024K, 31 young (31744K), 4 survivors (4096K)
 Metaspace       used 103260K, committed 104320K, reserved 557056K
  class space    used 14339K, committed 14848K, reserved 425984K
}
Event: 32.530 GC heap after
{Heap after GC invocations=70 (full 0):
 garbage-first heap   total 187392K, used 137927K [0x0000000080000000, 0x0000000100000000)
  region size 1024K, 4 young (4096K), 4 survivors (4096K)
 Metaspace       used 103260K, committed 104320K, reserved 557056K
  class space    used 14339K, committed 14848K, reserved 425984K
}
Event: 32.914 GC heap before
{Heap before GC invocations=70 (full 0):
 garbage-first heap   total 187392K, used 161479K [0x0000000080000000, 0x0000000100000000)
  region size 1024K, 28 young (28672K), 4 survivors (4096K)
 Metaspace       used 104406K, committed 105536K, reserved 557056K
  class space    used 14476K, committed 14976K, reserved 425984K
}
Event: 32.918 GC heap after
{Heap after GC invocations=71 (full 0):
 garbage-first heap   total 187392K, used 140321K [0x0000000080000000, 0x0000000100000000)
  region size 1024K, 3 young (3072K), 3 survivors (3072K)
 Metaspace       used 104406K, committed 105536K, reserved 557056K
  class space    used 14476K, committed 14976K, reserved 425984K
}
Event: 33.257 GC heap before
{Heap before GC invocations=71 (full 0):
 garbage-first heap   total 187392K, used 160801K [0x0000000080000000, 0x0000000100000000)
  region size 1024K, 24 young (24576K), 3 survivors (3072K)
 Metaspace       used 104501K, committed 105600K, reserved 557056K
  class space    used 14476K, committed 14976K, reserved 425984K
}
Event: 33.261 GC heap after
{Heap after GC invocations=72 (full 0):
 garbage-first heap   total 187392K, used 144783K [0x0000000080000000, 0x0000000100000000)
  region size 1024K, 3 young (3072K), 3 survivors (3072K)
 Metaspace       used 104501K, committed 105600K, reserved 557056K
  class space    used 14476K, committed 14976K, reserved 425984K
}
Event: 33.364 GC heap before
{Heap before GC invocations=72 (full 0):
 garbage-first heap   total 187392K, used 159119K [0x0000000080000000, 0x0000000100000000)
  region size 1024K, 18 young (18432K), 3 survivors (3072K)
 Metaspace       used 104507K, committed 105600K, reserved 557056K
  class space    used 14476K, committed 14976K, reserved 425984K
}
Event: 33.367 GC heap after
{Heap after GC invocations=73 (full 0):
 garbage-first heap   total 187392K, used 147365K [0x0000000080000000, 0x0000000100000000)
  region size 1024K, 3 young (3072K), 3 survivors (3072K)
 Metaspace       used 104507K, committed 105600K, reserved 557056K
  class space    used 14476K, committed 14976K, reserved 425984K
}
Event: 33.423 GC heap before
{Heap before GC invocations=73 (full 0):
 garbage-first heap   total 187392K, used 159653K [0x0000000080000000, 0x0000000100000000)
  region size 1024K, 16 young (16384K), 3 survivors (3072K)
 Metaspace       used 104507K, committed 105600K, reserved 557056K
  class space    used 14476K, committed 14976K, reserved 425984K
}
Event: 33.426 GC heap after
{Heap after GC invocations=74 (full 0):
 garbage-first heap   total 187392K, used 148882K [0x0000000080000000, 0x0000000100000000)
  region size 1024K, 2 young (2048K), 2 survivors (2048K)
 Metaspace       used 104507K, committed 105600K, reserved 557056K
  class space    used 14476K, committed 14976K, reserved 425984K
}
Event: 33.483 GC heap before
{Heap before GC invocations=74 (full 0):
 garbage-first heap   total 187392K, used 159121K [0x0000000080000000, 0x0000000100000000)
  region size 1024K, 13 young (13312K), 2 survivors (2048K)
 Metaspace       used 104507K, committed 105600K, reserved 557056K
  class space    used 14476K, committed 14976K, reserved 425984K
}
Event: 33.485 GC heap after
{Heap after GC invocations=75 (full 0):
 garbage-first heap   total 187392K, used 151263K [0x0000000080000000, 0x0000000100000000)
  region size 1024K, 2 young (2048K), 2 survivors (2048K)
 Metaspace       used 104507K, committed 105600K, reserved 557056K
  class space    used 14476K, committed 14976K, reserved 425984K
}
Event: 33.518 GC heap before
{Heap before GC invocations=75 (full 0):
 garbage-first heap   total 187392K, used 159455K [0x0000000080000000, 0x0000000100000000)
  region size 1024K, 11 young (11264K), 2 survivors (2048K)
 Metaspace       used 104507K, committed 105600K, reserved 557056K
  class space    used 14476K, committed 14976K, reserved 425984K
}
Event: 33.521 GC heap after
{Heap after GC invocations=76 (full 0):
 garbage-first heap   total 187392K, used 153051K [0x0000000080000000, 0x0000000100000000)
  region size 1024K, 2 young (2048K), 2 survivors (2048K)
 Metaspace       used 104507K, committed 105600K, reserved 557056K
  class space    used 14476K, committed 14976K, reserved 425984K
}
Event: 33.552 GC heap before
{Heap before GC invocations=76 (full 0):
 garbage-first heap   total 187392K, used 160219K [0x0000000080000000, 0x0000000100000000)
  region size 1024K, 10 young (10240K), 2 survivors (2048K)
 Metaspace       used 104507K, committed 105600K, reserved 557056K
  class space    used 14476K, committed 14976K, reserved 425984K
}
Event: 35.139 GC heap after
{Heap after GC invocations=77 (full 0):
 garbage-first heap   total 260096K, used 154759K [0x0000000080000000, 0x0000000100000000)
  region size 1024K, 2 young (2048K), 2 survivors (2048K)
 Metaspace       used 104507K, committed 105600K, reserved 557056K
  class space    used 14476K, committed 14976K, reserved 425984K
}
Event: 35.255 GC heap before
{Heap before GC invocations=78 (full 0):
 garbage-first heap   total 268288K, used 163975K [0x0000000080000000, 0x0000000100000000)
  region size 1024K, 12 young (12288K), 2 survivors (2048K)
 Metaspace       used 104507K, committed 105600K, reserved 557056K
  class space    used 14476K, committed 14976K, reserved 425984K
}
Event: 35.258 GC heap after
{Heap after GC invocations=79 (full 0):
 garbage-first heap   total 268288K, used 156578K [0x0000000080000000, 0x0000000100000000)
  region size 1024K, 2 young (2048K), 2 survivors (2048K)
 Metaspace       used 104507K, committed 105600K, reserved 557056K
  class space    used 14476K, committed 14976K, reserved 425984K
}
Event: 35.309 GC heap before
{Heap before GC invocations=79 (full 0):
 garbage-first heap   total 268288K, used 167842K [0x0000000080000000, 0x0000000100000000)
  region size 1024K, 13 young (13312K), 2 survivors (2048K)
 Metaspace       used 104508K, committed 105600K, reserved 557056K
  class space    used 14476K, committed 14976K, reserved 425984K
}
Event: 35.312 GC heap after
{Heap after GC invocations=80 (full 0):
 garbage-first heap   total 268288K, used 154952K [0x0000000080000000, 0x0000000100000000)
  region size 1024K, 2 young (2048K), 2 survivors (2048K)
 Metaspace       used 104508K, committed 105600K, reserved 557056K
  class space    used 14476K, committed 14976K, reserved 425984K
}

