# JRE version: Java(TM) SE Runtime Environment (17.0.11+7) (build 17.0.11+7-LTS-207)
# Java VM: Java HotSpot(TM) 64-Bit Server VM (17.0.11+7-LTS-207, mixed mode, sharing, tiered, compressed oops, compressed class ptrs, g1 gc, windows-amd64)
GC Precious Log:
 CPUs: 12 total, 12 available
 Memory: 15693M
 Large Page Support: Disabled
 NUMA Support: Disabled
 Compressed Oops: Enabled (32-bit)
 Heap Region Size: 1M
 Heap Min Capacity: 8M
 Heap Initial Capacity: 246M
 Heap Max Capacity: 2G
 Pre-touch: Disabled
 Parallel Workers: 10
 Concurrent Workers: 3
 Concurrent Refinement Workers: 10
 Periodic GC: Disabled
Heap:
 garbage-first heap   total 291840K, used 200435K [0x0000000080000000, 0x0000000100000000)
  region size 1024K, 6 young (6144K), 6 survivors (6144K)
 Metaspace       used 108982K, committed 110208K, reserved 557056K
  class space    used 15123K, committed 15680K, reserved 425984K
GC Heap History (20 events):
Event: 25.103 GC heap after
{Heap after GC invocations=60 (full 0):
 garbage-first heap   total 224256K, used 144254K [0x0000000080000000, 0x0000000100000000)
  region size 1024K, 8 young (8192K), 8 survivors (8192K)
 Metaspace       used 105125K, committed 106176K, reserved 557056K
  class space    used 14636K, committed 15104K, reserved 425984K
}
Event: 25.672 GC heap before
{Heap before GC invocations=60 (full 0):
 garbage-first heap   total 224256K, used 183166K [0x0000000080000000, 0x0000000100000000)
  region size 1024K, 47 young (48128K), 8 survivors (8192K)
 Metaspace       used 105750K, committed 106816K, reserved 557056K
  class space    used 14738K, committed 15232K, reserved 425984K
}
Event: 25.679 GC heap after
{Heap after GC invocations=61 (full 0):
 garbage-first heap   total 224256K, used 150712K [0x0000000080000000, 0x0000000100000000)
  region size 1024K, 6 young (6144K), 6 survivors (6144K)
 Metaspace       used 105750K, committed 106816K, reserved 557056K
  class space    used 14738K, committed 15232K, reserved 425984K
}
Event: 25.814 GC heap before
{Heap before GC invocations=61 (full 0):
 garbage-first heap   total 224256K, used 182456K [0x0000000080000000, 0x0000000100000000)
  region size 1024K, 38 young (38912K), 6 survivors (6144K)
 Metaspace       used 105757K, committed 106816K, reserved 557056K
  class space    used 14738K, committed 15232K, reserved 425984K
}
Event: 25.819 GC heap after
{Heap after GC invocations=62 (full 0):
 garbage-first heap   total 224256K, used 153698K [0x0000000080000000, 0x0000000100000000)
  region size 1024K, 5 young (5120K), 5 survivors (5120K)
 Metaspace       used 105757K, committed 106816K, reserved 557056K
  class space    used 14738K, committed 15232K, reserved 425984K
}
Event: 25.911 GC heap before
{Heap before GC invocations=62 (full 0):
 garbage-first heap   total 224256K, used 184418K [0x0000000080000000, 0x0000000100000000)
  region size 1024K, 36 young (36864K), 5 survivors (5120K)
 Metaspace       used 105757K, committed 106816K, reserved 557056K
  class space    used 14738K, committed 15232K, reserved 425984K
}
Event: 25.915 GC heap after
{Heap after GC invocations=63 (full 0):
 garbage-first heap   total 291840K, used 155042K [0x0000000080000000, 0x0000000100000000)
  region size 1024K, 5 young (5120K), 5 survivors (5120K)
 Metaspace       used 105757K, committed 106816K, reserved 557056K
  class space    used 14738K, committed 15232K, reserved 425984K
}
Event: 26.472 GC heap before
{Heap before GC invocations=63 (full 0):
 garbage-first heap   total 291840K, used 241058K [0x0000000080000000, 0x0000000100000000)
  region size 1024K, 86 young (88064K), 5 survivors (5120K)
 Metaspace       used 105850K, committed 106944K, reserved 557056K
  class space    used 14745K, committed 15232K, reserved 425984K
}
Event: 26.477 GC heap after
{Heap after GC invocations=64 (full 0):
 garbage-first heap   total 291840K, used 164116K [0x0000000080000000, 0x0000000100000000)
  region size 1024K, 11 young (11264K), 11 survivors (11264K)
 Metaspace       used 105850K, committed 106944K, reserved 557056K
  class space    used 14745K, committed 15232K, reserved 425984K
}
Event: 27.938 GC heap before
{Heap before GC invocations=64 (full 0):
 garbage-first heap   total 291840K, used 237844K [0x0000000080000000, 0x0000000100000000)
  region size 1024K, 83 young (84992K), 11 survivors (11264K)
 Metaspace       used 108705K, committed 109888K, reserved 557056K
  class space    used 15093K, committed 15616K, reserved 425984K
}
Event: 27.949 GC heap after
{Heap after GC invocations=65 (full 0):
 garbage-first heap   total 291840K, used 174611K [0x0000000080000000, 0x0000000100000000)
  region size 1024K, 11 young (11264K), 11 survivors (11264K)
 Metaspace       used 108705K, committed 109888K, reserved 557056K
  class space    used 15093K, committed 15616K, reserved 425984K
}
Event: 28.152 GC heap before
{Heap before GC invocations=65 (full 0):
 garbage-first heap   total 291840K, used 236051K [0x0000000080000000, 0x0000000100000000)
  region size 1024K, 72 young (73728K), 11 survivors (11264K)
 Metaspace       used 108721K, committed 109952K, reserved 557056K
  class space    used 15093K, committed 15616K, reserved 425984K
}
Event: 28.159 GC heap after
{Heap after GC invocations=66 (full 0):
 garbage-first heap   total 291840K, used 180809K [0x0000000080000000, 0x0000000100000000)
  region size 1024K, 7 young (7168K), 7 survivors (7168K)
 Metaspace       used 108721K, committed 109952K, reserved 557056K
  class space    used 15093K, committed 15616K, reserved 425984K
}
Event: 28.344 GC heap before
{Heap before GC invocations=66 (full 0):
 garbage-first heap   total 291840K, used 238153K [0x0000000080000000, 0x0000000100000000)
  region size 1024K, 64 young (65536K), 7 survivors (7168K)
 Metaspace       used 108721K, committed 109952K, reserved 557056K
  class space    used 15093K, committed 15616K, reserved 425984K
}
Event: 28.348 GC heap after
{Heap after GC invocations=67 (full 0):
 garbage-first heap   total 291840K, used 182243K [0x0000000080000000, 0x0000000100000000)
  region size 1024K, 6 young (6144K), 6 survivors (6144K)
 Metaspace       used 108721K, committed 109952K, reserved 557056K
  class space    used 15093K, committed 15616K, reserved 425984K
}
Event: 29.130 GC heap before
{Heap before GC invocations=67 (full 0):
 garbage-first heap   total 291840K, used 243683K [0x0000000080000000, 0x0000000100000000)
  region size 1024K, 63 young (64512K), 6 survivors (6144K)
 Metaspace       used 108980K, committed 110208K, reserved 557056K
  class space    used 15123K, committed 15680K, reserved 425984K
}
Event: 29.136 GC heap after
{Heap after GC invocations=68 (full 0):
 garbage-first heap   total 291840K, used 194275K [0x0000000080000000, 0x0000000100000000)
  region size 1024K, 8 young (8192K), 8 survivors (8192K)
 Metaspace       used 108980K, committed 110208K, reserved 557056K
  class space    used 15123K, committed 15680K, reserved 425984K
}
Event: 29.305 GC heap before
{Heap before GC invocations=68 (full 0):
 garbage-first heap   total 291840K, used 238307K [0x0000000080000000, 0x0000000100000000)
  region size 1024K, 52 young (53248K), 8 survivors (8192K)
 Metaspace       used 108982K, committed 110208K, reserved 557056K
  class space    used 15123K, committed 15680K, reserved 425984K
}
Event: 29.311 GC heap after
{Heap after GC invocations=69 (full 0):
 garbage-first heap   total 291840K, used 198799K [0x0000000080000000, 0x0000000100000000)
  region size 1024K, 6 young (6144K), 6 survivors (6144K)
 Metaspace       used 108982K, committed 110208K, reserved 557056K
  class space    used 15123K, committed 15680K, reserved 425984K
}
Event: 29.432 GC heap before
{Heap before GC invocations=69 (full 0):
 garbage-first heap   total 291840K, used 239759K [0x0000000080000000, 0x0000000100000000)
  region size 1024K, 47 young (48128K), 6 survivors (6144K)
 Metaspace       used 108982K, committed 110208K, reserved 557056K
  class space    used 15123K, committed 15680K, reserved 425984K
}

